CliniOps-Flutter-Mobile-milestone4/build/app/intermediates/manifest_merge_blame_file/debug/manifest-merger-blame-debug-report.txt
1<?xml version="1.0" encoding="utf-8"?>
2<manifest xmlns:android="http://schemas.android.com/apk/res/android"
3    package="com.cliniops.connect"
4    android:versionCode="4"
5    android:versionName="1.0.0" >
6
7    <uses-sdk
8        android:minSdkVersion="21"
9        android:targetSdkVersion="30" />
10    <!--
11         Flutter needs it to communicate with the running application
12         to allow setting breakpoints, to provide hot reload, etc.
13    -->
14    <uses-permission android:name="android.permission.INTERNET" />
14-->src/main/AndroidManifest.xml:4:5-67
14-->src/main/AndroidManifest.xml:4:22-64
15    <uses-permission android:name="android.permission.WRITE_EXTERNAL_STORAGE" />
15-->src/main/AndroidManifest.xml:5:5-80
15-->src/main/AndroidManifest.xml:5:22-78
16    <uses-permission android:name="android.permission.MANAGE_EXTERNAL_STORAGE" />
16-->src/main/AndroidManifest.xml:6:5-82
16-->src/main/AndroidManifest.xml:6:22-79
17    <uses-permission android:name="android.permission.CAMERA" />
17-->src/main/AndroidManifest.xml:7:5-65
17-->src/main/AndroidManifest.xml:7:22-62
18    <uses-permission android:name="android.permission.RECORD_AUDIO" />
18-->src/main/AndroidManifest.xml:8:5-71
18-->src/main/AndroidManifest.xml:8:22-68
19    <uses-permission android:name="android.permission.WAKE_LOCK" />
19-->src/main/AndroidManifest.xml:9:5-68
19-->src/main/AndroidManifest.xml:9:22-65
20    <uses-permission android:name="android.permission.MODIFY_AUDIO_SETTINGS" />
20-->src/main/AndroidManifest.xml:10:5-80
20-->src/main/AndroidManifest.xml:10:22-77
21
22    <uses-feature android:name="android.hardware.camera" />
22-->src/main/AndroidManifest.xml:12:5-60
22-->src/main/AndroidManifest.xml:12:19-57
23    <uses-feature android:name="android.hardware.camera.autofocus" />
23-->src/main/AndroidManifest.xml:13:5-70
23-->src/main/AndroidManifest.xml:13:19-67
24
25    <uses-permission android:name="android.permission.ACCESS_NETWORK_STATE" />
25-->[:firebase_messaging] AndroidManifest.xml:9:5-79
25-->[:firebase_messaging] AndroidManifest.xml:9:22-76
26    <uses-permission android:name="android.permission.RECEIVE_BOOT_COMPLETED" />
26-->[:flutter_local_notifications] AndroidManifest.xml:7:5-81
26-->[:flutter_local_notifications] AndroidManifest.xml:7:22-78
27    <uses-permission android:name="android.permission.VIBRATE" />
27-->[:flutter_local_notifications] AndroidManifest.xml:8:5-66
27-->[:flutter_local_notifications] AndroidManifest.xml:8:22-63
28    <uses-permission android:name="android.permission.USE_FULL_SCREEN_INTENT" />
28-->[:flutter_local_notifications] AndroidManifest.xml:9:5-81
28-->[:flutter_local_notifications] AndroidManifest.xml:9:22-78
29    <uses-permission android:name="android.permission.SCHEDULE_EXACT_ALARM" />
29-->[:flutter_local_notifications] AndroidManifest.xml:10:5-79
29-->[:flutter_local_notifications] AndroidManifest.xml:10:22-76
30
31    <queries>
31-->[:flutter_inappwebview] AndroidManifest.xml:7:5-11:15
32        <intent>
32-->[:flutter_inappwebview] AndroidManifest.xml:8:9-10:18
33            <action android:name="android.support.customtabs.action.CustomTabsService" />
33-->[:flutter_inappwebview] AndroidManifest.xml:9:13-90
33-->[:flutter_inappwebview] AndroidManifest.xml:9:21-87
34        </intent>
35        <intent>
35-->[:flutter_downloader] AndroidManifest.xml:9:9-11:18
36            <action android:name="android.intent.action.VIEW" />
36-->[:flutter_downloader] AndroidManifest.xml:10:13-65
36-->[:flutter_downloader] AndroidManifest.xml:10:21-62
37        </intent>
38    </queries>
39
40    <uses-permission android:name="android.permission.BLUETOOTH" />
40-->[com.opentok.android:opentok-android-sdk:2.19.1] AndroidManifest.xml:13:5-68
40-->[com.opentok.android:opentok-android-sdk:2.19.1] AndroidManifest.xml:13:22-65
41    <uses-permission
41-->[com.opentok.android:opentok-android-sdk:2.19.1] AndroidManifest.xml:14:5-16:38
42        android:name="android.permission.READ_PHONE_STATE"
42-->[com.opentok.android:opentok-android-sdk:2.19.1] AndroidManifest.xml:15:9-59
43        android:maxSdkVersion="22" />
43-->[com.opentok.android:opentok-android-sdk:2.19.1] AndroidManifest.xml:16:9-35
44
45    <uses-feature
45-->[com.opentok.android:opentok-android-sdk:2.19.1] AndroidManifest.xml:22:5-24:35
46        android:glEsVersion="0x00020000"
46-->[com.opentok.android:opentok-android-sdk:2.19.1] AndroidManifest.xml:23:9-41
47        android:required="true" /> <!-- Required by older versions of Google Play services to create IID tokens -->
47-->[com.opentok.android:opentok-android-sdk:2.19.1] AndroidManifest.xml:24:9-32
48    <uses-permission android:name="com.google.android.c2dm.permission.RECEIVE" />
48-->[com.google.firebase:firebase-messaging:23.0.0] AndroidManifest.xml:25:5-82
48-->[com.google.firebase:firebase-messaging:23.0.0] AndroidManifest.xml:25:22-79
49    <uses-permission android:name="com.google.android.finsky.permission.BIND_GET_INSTALL_REFERRER_SERVICE" />
49-->[com.google.android.gms:play-services-measurement:20.0.2] AndroidManifest.xml:26:5-110
49-->[com.google.android.gms:play-services-measurement:20.0.2] AndroidManifest.xml:26:22-107
50    <uses-permission android:name="android.permission.FOREGROUND_SERVICE" /> <!-- Include required permissions for Advertising Id -->
50-->[androidx.work:work-runtime:2.7.1] AndroidManifest.xml:28:5-77
50-->[androidx.work:work-runtime:2.7.1] AndroidManifest.xml:28:22-74
51    <uses-permission android:name="com.google.android.gms.permission.AD_ID" />
51-->[com.google.android.gms:play-services-ads-identifier:18.0.0] AndroidManifest.xml:23:5-79
51-->[com.google.android.gms:play-services-ads-identifier:18.0.0] AndroidManifest.xml:23:22-76
52
53    <application
53-->src/main/AndroidManifest.xml:19:4-68:19
54        android:appComponentFactory="androidx.core.app.CoreComponentFactory"
54-->[androidx.core:core:1.6.0] AndroidManifest.xml:24:18-86
55        android:debuggable="true"
56        android:icon="@mipmap/launcher_icon"
56-->src/main/AndroidManifest.xml:23:9-45
57        android:label="CliniOps Connect"
57-->src/main/AndroidManifest.xml:20:9-41
58        android:requestLegacyExternalStorage="true"
58-->src/main/AndroidManifest.xml:22:9-52
59        android:usesCleartextTraffic="true" >
59-->src/main/AndroidManifest.xml:21:9-44
60        <activity
60-->src/main/AndroidManifest.xml:24:9-53:20
61            android:name="com.cliniops.connect.MainActivity"
61-->src/main/AndroidManifest.xml:25:13-41
62            android:configChanges="orientation|keyboardHidden|keyboard|screenSize|smallestScreenSize|locale|layoutDirection|fontScale|screenLayout|density|uiMode"
62-->src/main/AndroidManifest.xml:28:13-163
63            android:hardwareAccelerated="true"
63-->src/main/AndroidManifest.xml:29:13-47
64            android:launchMode="singleTop"
64-->src/main/AndroidManifest.xml:26:13-43
65            android:theme="@style/LaunchTheme"
65-->src/main/AndroidManifest.xml:27:13-47
66            android:windowSoftInputMode="adjustResize" >
66-->src/main/AndroidManifest.xml:30:13-55
67
68            <!--
69                 Specifies an Android theme to apply to this Activity as soon as
70                 the Android process has started. This theme is visible to the user
71                 while the Flutter UI initializes. After that, this theme continues
72                 to determine the Window background behind the Flutter UI.
73            -->
74            <meta-data
74-->src/main/AndroidManifest.xml:35:13-38:17
75                android:name="io.flutter.embedding.android.NormalTheme"
75-->src/main/AndroidManifest.xml:36:15-70
76                android:resource="@style/NormalTheme" />
76-->src/main/AndroidManifest.xml:37:15-52
77            <!--
78                 Displays an Android View that continues showing the launch screen
79                 Drawable until Flutter paints its first frame, then this splash
80                 screen fades out. A splash screen is useful to avoid any visual
81                 gap between the end of Android's launch screen and the painting of
82                 Flutter's first frame.
83            -->
84            <meta-data
84-->src/main/AndroidManifest.xml:44:13-47:17
85                android:name="io.flutter.embedding.android.SplashScreenDrawable"
85-->src/main/AndroidManifest.xml:45:15-79
86                android:resource="@drawable/launch_background" />
86-->src/main/AndroidManifest.xml:46:15-61
87
88            <intent-filter>
88-->src/main/AndroidManifest.xml:49:13-52:29
89                <action android:name="android.intent.action.MAIN" />
89-->src/main/AndroidManifest.xml:50:17-68
89-->src/main/AndroidManifest.xml:50:25-66
90
91                <category android:name="android.intent.category.LAUNCHER" />
91-->src/main/AndroidManifest.xml:51:17-76
91-->src/main/AndroidManifest.xml:51:27-74
92            </intent-filter>
93        </activity>
94        <!--
95             Don't delete the meta-data below.
96             This is used by the Flutter tool to generate GeneratedPluginRegistrant.java
97        -->
98        <meta-data
98-->src/main/AndroidManifest.xml:56:9-58:33
99            android:name="flutterEmbedding"
99-->src/main/AndroidManifest.xml:57:13-44
100            android:value="2" />
100-->src/main/AndroidManifest.xml:58:13-30
101
102        <provider
103            android:name="vn.hunghd.flutterdownloader.DownloadedFileProvider"
104            android:authorities="com.cliniops.connect.flutter_downloader.provider"
105            android:exported="false"
106            android:grantUriPermissions="true" >
107            <meta-data
108                android:name="android.support.FILE_PROVIDER_PATHS"
109                android:resource="@xml/provider_paths" />
110        </provider>
111
112        <service
112-->[:firebase_database] AndroidManifest.xml:8:9-12:19
113            android:name="com.google.firebase.components.ComponentDiscoveryService"
113-->[:firebase_database] AndroidManifest.xml:8:18-89
114            android:directBootAware="true"
114-->[com.google.firebase:firebase-common:20.0.0] AndroidManifest.xml:35:13-43
115            android:exported="false" >
115-->[com.google.firebase:firebase-crashlytics:18.2.7] AndroidManifest.xml:17:13-37
116            <meta-data
116-->[:firebase_database] AndroidManifest.xml:9:13-11:85
117                android:name="com.google.firebase.components:io.flutter.plugins.firebase.database.FlutterFirebaseAppRegistrar"
117-->[:firebase_database] AndroidManifest.xml:10:17-127
118                android:value="com.google.firebase.components.ComponentRegistrar" />
118-->[:firebase_database] AndroidManifest.xml:11:17-82
119            <meta-data
119-->[:firebase_messaging] AndroidManifest.xml:34:13-36:85
120                android:name="com.google.firebase.components:io.flutter.plugins.firebase.messaging.FlutterFirebaseAppRegistrar"
120-->[:firebase_messaging] AndroidManifest.xml:35:17-128
121                android:value="com.google.firebase.components.ComponentRegistrar" />
121-->[:firebase_messaging] AndroidManifest.xml:36:17-82
122            <meta-data
122-->[:firebase_crashlytics] AndroidManifest.xml:9:13-11:85
123                android:name="com.google.firebase.components:io.flutter.plugins.firebase.crashlytics.FlutterFirebaseAppRegistrar"
123-->[:firebase_crashlytics] AndroidManifest.xml:10:17-130
124                android:value="com.google.firebase.components.ComponentRegistrar" />
124-->[:firebase_crashlytics] AndroidManifest.xml:11:17-82
125            <meta-data
125-->[:cloud_firestore] AndroidManifest.xml:9:13-11:85
126                android:name="com.google.firebase.components:io.flutter.plugins.firebase.firestore.FlutterFirebaseFirestoreRegistrar"
126-->[:cloud_firestore] AndroidManifest.xml:10:17-134
127                android:value="com.google.firebase.components.ComponentRegistrar" />
127-->[:cloud_firestore] AndroidManifest.xml:11:17-82
128            <meta-data
128-->[:firebase_dynamic_links] AndroidManifest.xml:11:13-13:85
129                android:name="com.google.firebase.components:io.flutter.plugins.firebasedynamiclinks.FlutterFirebaseAppRegistrar"
129-->[:firebase_dynamic_links] AndroidManifest.xml:12:17-130
130                android:value="com.google.firebase.components.ComponentRegistrar" />
130-->[:firebase_dynamic_links] AndroidManifest.xml:13:17-82
131            <meta-data
131-->[:firebase_analytics] AndroidManifest.xml:13:13-15:85
132                android:name="com.google.firebase.components:io.flutter.plugins.firebaseanalytics.FlutterFirebaseAppRegistrar"
132-->[:firebase_analytics] AndroidManifest.xml:14:17-127
133                android:value="com.google.firebase.components.ComponentRegistrar" />
133-->[:firebase_analytics] AndroidManifest.xml:15:17-82
134            <meta-data
134-->[:firebase_core] AndroidManifest.xml:9:13-11:85
135                android:name="com.google.firebase.components:io.flutter.plugins.firebase.core.FlutterFirebaseCoreRegistrar"
135-->[:firebase_core] AndroidManifest.xml:10:17-124
136                android:value="com.google.firebase.components.ComponentRegistrar" />
136-->[:firebase_core] AndroidManifest.xml:11:17-82
137            <meta-data
137-->[com.google.firebase:firebase-crashlytics:18.2.7] AndroidManifest.xml:18:13-20:85
138                android:name="com.google.firebase.components:com.google.firebase.crashlytics.CrashlyticsRegistrar"
138-->[com.google.firebase:firebase-crashlytics:18.2.7] AndroidManifest.xml:19:17-115
139                android:value="com.google.firebase.components.ComponentRegistrar" />
139-->[com.google.firebase:firebase-crashlytics:18.2.7] AndroidManifest.xml:20:17-82
140            <meta-data
140-->[com.google.firebase:firebase-firestore:24.0.1] AndroidManifest.xml:20:13-22:85
141                android:name="com.google.firebase.components:com.google.firebase.firestore.FirestoreRegistrar"
141-->[com.google.firebase:firebase-firestore:24.0.1] AndroidManifest.xml:21:17-111
142                android:value="com.google.firebase.components.ComponentRegistrar" />
142-->[com.google.firebase:firebase-firestore:24.0.1] AndroidManifest.xml:22:17-82
143            <meta-data
143-->[com.google.firebase:firebase-messaging:23.0.0] AndroidManifest.xml:52:13-54:85
144                android:name="com.google.firebase.components:com.google.firebase.messaging.FirebaseMessagingRegistrar"
144-->[com.google.firebase:firebase-messaging:23.0.0] AndroidManifest.xml:53:17-119
145                android:value="com.google.firebase.components.ComponentRegistrar" />
145-->[com.google.firebase:firebase-messaging:23.0.0] AndroidManifest.xml:54:17-82
146            <meta-data
146-->[com.google.firebase:firebase-dynamic-links:21.0.0] AndroidManifest.xml:27:13-29:85
147                android:name="com.google.firebase.components:com.google.firebase.dynamiclinks.internal.FirebaseDynamicLinkRegistrar"
147-->[com.google.firebase:firebase-dynamic-links:21.0.0] AndroidManifest.xml:28:17-133
148                android:value="com.google.firebase.components.ComponentRegistrar" />
148-->[com.google.firebase:firebase-dynamic-links:21.0.0] AndroidManifest.xml:29:17-82
149            <meta-data
149-->[com.google.firebase:firebase-database:20.0.3] AndroidManifest.xml:32:13-34:85
150                android:name="com.google.firebase.components:com.google.firebase.database.DatabaseRegistrar"
150-->[com.google.firebase:firebase-database:20.0.3] AndroidManifest.xml:33:17-109
151                android:value="com.google.firebase.components.ComponentRegistrar" />
151-->[com.google.firebase:firebase-database:20.0.3] AndroidManifest.xml:34:17-82
152            <meta-data
152-->[com.google.android.gms:play-services-measurement-api:20.0.2] AndroidManifest.xml:30:13-32:85
153                android:name="com.google.firebase.components:com.google.firebase.analytics.connector.internal.AnalyticsConnectorRegistrar"
153-->[com.google.android.gms:play-services-measurement-api:20.0.2] AndroidManifest.xml:31:17-139
154                android:value="com.google.firebase.components.ComponentRegistrar" />
154-->[com.google.android.gms:play-services-measurement-api:20.0.2] AndroidManifest.xml:32:17-82
155            <meta-data
155-->[com.google.firebase:firebase-datatransport:18.0.0] AndroidManifest.xml:28:13-30:85
156                android:name="com.google.firebase.components:com.google.firebase.datatransport.TransportRegistrar"
156-->[com.google.firebase:firebase-datatransport:18.0.0] AndroidManifest.xml:29:17-115
157                android:value="com.google.firebase.components.ComponentRegistrar" />
157-->[com.google.firebase:firebase-datatransport:18.0.0] AndroidManifest.xml:30:17-82
158            <meta-data
158-->[com.google.firebase:firebase-installations:17.0.0] AndroidManifest.xml:18:13-20:85
159                android:name="com.google.firebase.components:com.google.firebase.installations.FirebaseInstallationsRegistrar"
159-->[com.google.firebase:firebase-installations:17.0.0] AndroidManifest.xml:19:17-127
160                android:value="com.google.firebase.components.ComponentRegistrar" />
160-->[com.google.firebase:firebase-installations:17.0.0] AndroidManifest.xml:20:17-82
161        </service>
162        <service
162-->[:firebase_messaging] AndroidManifest.xml:12:9-15:72
163            android:name="io.flutter.plugins.firebase.messaging.FlutterFirebaseMessagingBackgroundService"
163-->[:firebase_messaging] AndroidManifest.xml:13:13-107
164            android:exported="false"
164-->[:firebase_messaging] AndroidManifest.xml:14:13-37
165            android:permission="android.permission.BIND_JOB_SERVICE" />
165-->[:firebase_messaging] AndroidManifest.xml:15:13-69
166        <service
166-->[:firebase_messaging] AndroidManifest.xml:16:9-22:19
167            android:name="io.flutter.plugins.firebase.messaging.FlutterFirebaseMessagingService"
167-->[:firebase_messaging] AndroidManifest.xml:17:13-97
168            android:exported="false" >
168-->[:firebase_messaging] AndroidManifest.xml:18:13-37
169            <intent-filter>
169-->[:firebase_messaging] AndroidManifest.xml:19:13-21:29
170                <action android:name="com.google.firebase.MESSAGING_EVENT" />
170-->[:firebase_messaging] AndroidManifest.xml:20:17-78
170-->[:firebase_messaging] AndroidManifest.xml:20:25-75
171            </intent-filter>
172        </service>
173
174        <receiver
174-->[:firebase_messaging] AndroidManifest.xml:24:9-31:20
175            android:name="io.flutter.plugins.firebase.messaging.FlutterFirebaseMessagingReceiver"
175-->[:firebase_messaging] AndroidManifest.xml:25:13-98
176            android:exported="true"
176-->[:firebase_messaging] AndroidManifest.xml:26:13-36
177            android:permission="com.google.android.c2dm.permission.SEND" >
177-->[:firebase_messaging] AndroidManifest.xml:27:13-73
178            <intent-filter>
178-->[:firebase_messaging] AndroidManifest.xml:28:13-30:29
179                <action android:name="com.google.android.c2dm.intent.RECEIVE" />
179-->[:firebase_messaging] AndroidManifest.xml:29:17-81
179-->[:firebase_messaging] AndroidManifest.xml:29:25-78
180            </intent-filter>
181        </receiver>
182
183        <provider
183-->[:firebase_messaging] AndroidManifest.xml:39:9-43:38
184            android:name="io.flutter.plugins.firebase.messaging.FlutterFirebaseMessagingInitProvider"
184-->[:firebase_messaging] AndroidManifest.xml:40:13-102
185            android:authorities="com.cliniops.connect.flutterfirebasemessaginginitprovider"
185-->[:firebase_messaging] AndroidManifest.xml:41:13-88
186            android:exported="false"
186-->[:firebase_messaging] AndroidManifest.xml:42:13-37
187            android:initOrder="99" />
187-->[:firebase_messaging] AndroidManifest.xml:43:13-35
188
189        <receiver
189-->[:flutter_local_notifications] AndroidManifest.xml:13:9-15:40
190            android:name="com.dexterous.flutterlocalnotifications.ScheduledNotificationReceiver"
190-->[:flutter_local_notifications] AndroidManifest.xml:14:13-97
191            android:exported="false" />
191-->[:flutter_local_notifications] AndroidManifest.xml:15:13-37
192        <receiver
192-->[:flutter_local_notifications] AndroidManifest.xml:16:9-25:20
193            android:name="com.dexterous.flutterlocalnotifications.ScheduledNotificationBootReceiver"
193-->[:flutter_local_notifications] AndroidManifest.xml:17:13-101
194            android:exported="false" >
194-->[:flutter_local_notifications] AndroidManifest.xml:18:13-37
195            <intent-filter>
195-->[:flutter_local_notifications] AndroidManifest.xml:19:13-24:29
196                <action android:name="android.intent.action.BOOT_COMPLETED" />
196-->[:flutter_local_notifications] AndroidManifest.xml:20:17-79
196-->[:flutter_local_notifications] AndroidManifest.xml:20:25-76
197                <action android:name="android.intent.action.MY_PACKAGE_REPLACED" />
197-->[:flutter_local_notifications] AndroidManifest.xml:21:17-84
197-->[:flutter_local_notifications] AndroidManifest.xml:21:25-81
198                <action android:name="android.intent.action.QUICKBOOT_POWERON" />
198-->[:flutter_local_notifications] AndroidManifest.xml:22:17-82
198-->[:flutter_local_notifications] AndroidManifest.xml:22:25-79
199                <action android:name="com.htc.intent.action.QUICKBOOT_POWERON" />
199-->[:flutter_local_notifications] AndroidManifest.xml:23:17-82
199-->[:flutter_local_notifications] AndroidManifest.xml:23:25-79
200            </intent-filter>
201        </receiver>
202
203        <activity
203-->[:flutter_inappwebview] AndroidManifest.xml:14:9-17:47
204            android:name="com.pichillilorenzo.flutter_inappwebview.in_app_browser.InAppBrowserActivity"
204-->[:flutter_inappwebview] AndroidManifest.xml:15:13-104
205            android:configChanges="orientation|keyboardHidden|keyboard|screenSize|locale|layoutDirection|fontScale|screenLayout|density"
205-->[:flutter_inappwebview] AndroidManifest.xml:16:13-137
206            android:theme="@style/AppTheme" />
206-->[:flutter_inappwebview] AndroidManifest.xml:17:13-44
207        <activity
207-->[:flutter_inappwebview] AndroidManifest.xml:18:9-20:55
208            android:name="com.pichillilorenzo.flutter_inappwebview.chrome_custom_tabs.ChromeCustomTabsActivity"
208-->[:flutter_inappwebview] AndroidManifest.xml:19:13-112
209            android:theme="@style/ThemeTransparent" />
209-->[:flutter_inappwebview] AndroidManifest.xml:20:13-52
210
211        <receiver android:name="com.pichillilorenzo.flutter_inappwebview.chrome_custom_tabs.ActionBroadcastReceiver" />
211-->[:flutter_inappwebview] AndroidManifest.xml:22:9-120
211-->[:flutter_inappwebview] AndroidManifest.xml:22:19-117
212
213        <meta-data
213-->[:flutter_inappwebview] AndroidManifest.xml:24:9-26:36
214            android:name="io.flutter.embedded_views_preview"
214-->[:flutter_inappwebview] AndroidManifest.xml:25:13-61
215            android:value="true" />
215-->[:flutter_inappwebview] AndroidManifest.xml:26:13-33
216
217        <activity
217-->[:url_launcher_android] AndroidManifest.xml:8:9-11:74
218            android:name="io.flutter.plugins.urllauncher.WebViewActivity"
218-->[:url_launcher_android] AndroidManifest.xml:9:13-74
219            android:exported="false"
219-->[:url_launcher_android] AndroidManifest.xml:10:13-37
220            android:theme="@android:style/Theme.NoTitleBar.Fullscreen" />
220-->[:url_launcher_android] AndroidManifest.xml:11:13-71
221
222        <uses-library
222-->[androidx.window:window:1.0.0-beta04] AndroidManifest.xml:25:9-27:40
223            android:name="androidx.window.extensions"
223-->[androidx.window:window:1.0.0-beta04] AndroidManifest.xml:26:13-54
224            android:required="false" />
224-->[androidx.window:window:1.0.0-beta04] AndroidManifest.xml:27:13-37
225        <uses-library
225-->[androidx.window:window:1.0.0-beta04] AndroidManifest.xml:28:9-30:40
226            android:name="androidx.window.sidecar"
226-->[androidx.window:window:1.0.0-beta04] AndroidManifest.xml:29:13-51
227            android:required="false" />
227-->[androidx.window:window:1.0.0-beta04] AndroidManifest.xml:30:13-37
228
229        <receiver
229-->[com.google.firebase:firebase-messaging:23.0.0] AndroidManifest.xml:28:9-35:20
230            android:name="com.google.firebase.iid.FirebaseInstanceIdReceiver"
230-->[com.google.firebase:firebase-messaging:23.0.0] AndroidManifest.xml:29:13-78
231            android:exported="true"
231-->[com.google.firebase:firebase-messaging:23.0.0] AndroidManifest.xml:30:13-36
232            android:permission="com.google.android.c2dm.permission.SEND" >
232-->[com.google.firebase:firebase-messaging:23.0.0] AndroidManifest.xml:31:13-73
233            <intent-filter>
233-->[:firebase_messaging] AndroidManifest.xml:28:13-30:29
234                <action android:name="com.google.android.c2dm.intent.RECEIVE" />
234-->[:firebase_messaging] AndroidManifest.xml:29:17-81
234-->[:firebase_messaging] AndroidManifest.xml:29:25-78
235            </intent-filter>
236        </receiver>
237        <!--
238             FirebaseMessagingService performs security checks at runtime,
239             but set to not exported to explicitly avoid allowing another app to call it.
240        -->
241        <service
241-->[com.google.firebase:firebase-messaging:23.0.0] AndroidManifest.xml:41:9-48:19
242            android:name="com.google.firebase.messaging.FirebaseMessagingService"
242-->[com.google.firebase:firebase-messaging:23.0.0] AndroidManifest.xml:42:13-82
243            android:directBootAware="true"
243-->[com.google.firebase:firebase-messaging:23.0.0] AndroidManifest.xml:43:13-43
244            android:exported="false" >
244-->[com.google.firebase:firebase-messaging:23.0.0] AndroidManifest.xml:44:13-37
245            <intent-filter android:priority="-500" >
245-->[:firebase_messaging] AndroidManifest.xml:19:13-21:29
246                <action android:name="com.google.firebase.MESSAGING_EVENT" />
246-->[:firebase_messaging] AndroidManifest.xml:20:17-78
246-->[:firebase_messaging] AndroidManifest.xml:20:25-75
247            </intent-filter>
248        </service>
249
250        <provider
250-->[com.google.firebase:firebase-common:20.0.0] AndroidManifest.xml:26:9-31:39
251            android:name="com.google.firebase.provider.FirebaseInitProvider"
251-->[com.google.firebase:firebase-common:20.0.0] AndroidManifest.xml:27:13-77
252            android:authorities="com.cliniops.connect.firebaseinitprovider"
252-->[com.google.firebase:firebase-common:20.0.0] AndroidManifest.xml:28:13-72
253            android:directBootAware="true"
253-->[com.google.firebase:firebase-common:20.0.0] AndroidManifest.xml:29:13-43
254            android:exported="false"
254-->[com.google.firebase:firebase-common:20.0.0] AndroidManifest.xml:30:13-37
255            android:initOrder="100" />
255-->[com.google.firebase:firebase-common:20.0.0] AndroidManifest.xml:31:13-36
256
257        <receiver
257-->[com.google.android.gms:play-services-measurement:20.0.2] AndroidManifest.xml:29:9-33:20
258            android:name="com.google.android.gms.measurement.AppMeasurementReceiver"
258-->[com.google.android.gms:play-services-measurement:20.0.2] AndroidManifest.xml:30:13-85
259            android:enabled="true"
259-->[com.google.android.gms:play-services-measurement:20.0.2] AndroidManifest.xml:31:13-35
260            android:exported="false" >
260-->[com.google.android.gms:play-services-measurement:20.0.2] AndroidManifest.xml:32:13-37
261        </receiver>
262
263        <service
263-->[com.google.android.gms:play-services-measurement:20.0.2] AndroidManifest.xml:35:9-38:40
264            android:name="com.google.android.gms.measurement.AppMeasurementService"
264-->[com.google.android.gms:play-services-measurement:20.0.2] AndroidManifest.xml:36:13-84
265            android:enabled="true"
265-->[com.google.android.gms:play-services-measurement:20.0.2] AndroidManifest.xml:37:13-35
266            android:exported="false" />
266-->[com.google.android.gms:play-services-measurement:20.0.2] AndroidManifest.xml:38:13-37
267        <service
267-->[com.google.android.gms:play-services-measurement:20.0.2] AndroidManifest.xml:39:9-43:72
268            android:name="com.google.android.gms.measurement.AppMeasurementJobService"
268-->[com.google.android.gms:play-services-measurement:20.0.2] AndroidManifest.xml:40:13-87
269            android:enabled="true"
269-->[com.google.android.gms:play-services-measurement:20.0.2] AndroidManifest.xml:41:13-35
270            android:exported="false"
270-->[com.google.android.gms:play-services-measurement:20.0.2] AndroidManifest.xml:42:13-37
271            android:permission="android.permission.BIND_JOB_SERVICE" />
271-->[com.google.android.gms:play-services-measurement:20.0.2] AndroidManifest.xml:43:13-69
272
273        <provider
273-->[androidx.work:work-runtime:2.7.1] AndroidManifest.xml:31:9-39:20
274            android:name="androidx.startup.InitializationProvider"
274-->[androidx.work:work-runtime:2.7.1] AndroidManifest.xml:32:13-67
275            android:authorities="com.cliniops.connect.androidx-startup"
275-->[androidx.work:work-runtime:2.7.1] AndroidManifest.xml:33:13-68
276            android:exported="false" >
276-->[androidx.work:work-runtime:2.7.1] AndroidManifest.xml:34:13-37
277            <meta-data
277-->[androidx.work:work-runtime:2.7.1] AndroidManifest.xml:36:13-38:52
278                android:name="androidx.work.WorkManagerInitializer"
278-->[androidx.work:work-runtime:2.7.1] AndroidManifest.xml:37:17-68
279                android:value="androidx.startup" />
279-->[androidx.work:work-runtime:2.7.1] AndroidManifest.xml:38:17-49
280        </provider>
281
282        <service
282-->[androidx.work:work-runtime:2.7.1] AndroidManifest.xml:41:9-46:35
283            android:name="androidx.work.impl.background.systemalarm.SystemAlarmService"
283-->[androidx.work:work-runtime:2.7.1] AndroidManifest.xml:42:13-88